{"uid":"ec7510a7adfd7723","name":"Compare the current value with the 52 week range on the \"/equities/tesla-motors\" page","fullName":"features/Equities.feature:14","historyId":"5237b99eb407fc4b6350a8d633fa6161","time":{"start":1702835443268,"stop":1702835543744,"duration":100476},"status":"broken","statusMessage":"Unable to open '/equities/tesla-motors' page, see the traces: \norg.openqa.selenium.TimeoutException: timeout: Timed out receiving message from renderer: 99.916\n  (Session info: chrome=120.0.6099.71)\nBuild info: version: '4.15.0', revision: '1d14b5521b'\nSystem info: os.name: 'Linux', os.arch: 'amd64', os.version: '6.2.0-1018-azure', java.version: '17.0.9'\nDriver info: org.openqa.selenium.chrome.ChromeDriver\nCommand: [ed4c4a35cf6f62c65c03d23091353054, get {url=https://www.investing.com/equities/tesla-motors}]\nselenide.url: https://www.investing.com/equities/tesla-motors\nCapabilities {acceptInsecureCerts: true, browserName: chrome, browserVersion: 120.0.6099.71, chrome: {chromedriverVersion: 120.0.6099.71 (9729082fe617..., userDataDir: /tmp/.org.chromium.Chromium...}, fedcm:accounts: true, goog:chromeOptions: {debuggerAddress: localhost:46311}, networkConnectionEnabled: false, pageLoadStrategy: normal, platformName: linux, proxy: Proxy(), se:cdp: ws://localhost:46311/devtoo..., se:cdpVersion: 120.0.6099.71, setWindowRect: true, strictFileInteractability: false, timeouts: {implicit: 0, pageLoad: 300000, script: 30000}, unhandledPromptBehavior: accept, webauthn:extension:credBlob: true, webauthn:extension:largeBlob: true, webauthn:extension:minPinLength: true, webauthn:extension:prf: true, webauthn:virtualAuthenticators: true}\nselenide.baseUrl: https://www.investing.com\nSession ID: ed4c4a35cf6f62c65c03d23091353054","statusTrace":"java.lang.IllegalStateException: Unable to open '/equities/tesla-motors' page, see the traces: \norg.openqa.selenium.TimeoutException: timeout: Timed out receiving message from renderer: 99.916\n  (Session info: chrome=120.0.6099.71)\nBuild info: version: '4.15.0', revision: '1d14b5521b'\nSystem info: os.name: 'Linux', os.arch: 'amd64', os.version: '6.2.0-1018-azure', java.version: '17.0.9'\nDriver info: org.openqa.selenium.chrome.ChromeDriver\nCommand: [ed4c4a35cf6f62c65c03d23091353054, get {url=https://www.investing.com/equities/tesla-motors}]\nselenide.url: https://www.investing.com/equities/tesla-motors\nCapabilities {acceptInsecureCerts: true, browserName: chrome, browserVersion: 120.0.6099.71, chrome: {chromedriverVersion: 120.0.6099.71 (9729082fe617..., userDataDir: /tmp/.org.chromium.Chromium...}, fedcm:accounts: true, goog:chromeOptions: {debuggerAddress: localhost:46311}, networkConnectionEnabled: false, pageLoadStrategy: normal, platformName: linux, proxy: Proxy(), se:cdp: ws://localhost:46311/devtoo..., se:cdpVersion: 120.0.6099.71, setWindowRect: true, strictFileInteractability: false, timeouts: {implicit: 0, pageLoad: 300000, script: 30000}, unhandledPromptBehavior: accept, webauthn:extension:credBlob: true, webauthn:extension:largeBlob: true, webauthn:extension:minPinLength: true, webauthn:extension:prf: true, webauthn:virtualAuthenticators: true}\nselenide.baseUrl: https://www.investing.com\nSession ID: ed4c4a35cf6f62c65c03d23091353054\n\tat tst.investing.PageObjects.CommonPage.navigateTo(CommonPage.java:13)\n\tat tst.investing.steps.CommonSteps.openPage(CommonSteps.java:12)\n\tat ✽.\"/equities/tesla-motors\" page(classpath:features/Equities.feature:5)\n","flaky":false,"newFailed":false,"newBroken":false,"newPassed":false,"retriesCount":0,"retriesStatusChange":false,"beforeStages":[{"name":"tst.investing.hooks.Hooks.BeforeScenario()","time":{"start":1702835443268,"stop":1702835443268,"duration":0},"status":"passed","steps":[],"attachments":[],"parameters":[],"shouldDisplayMessage":false,"stepsCount":0,"attachmentsCount":0,"hasContent":false,"attachmentStep":false}],"testStage":{"status":"broken","statusMessage":"Unable to open '/equities/tesla-motors' page, see the traces: \norg.openqa.selenium.TimeoutException: timeout: Timed out receiving message from renderer: 99.916\n  (Session info: chrome=120.0.6099.71)\nBuild info: version: '4.15.0', revision: '1d14b5521b'\nSystem info: os.name: 'Linux', os.arch: 'amd64', os.version: '6.2.0-1018-azure', java.version: '17.0.9'\nDriver info: org.openqa.selenium.chrome.ChromeDriver\nCommand: [ed4c4a35cf6f62c65c03d23091353054, get {url=https://www.investing.com/equities/tesla-motors}]\nselenide.url: https://www.investing.com/equities/tesla-motors\nCapabilities {acceptInsecureCerts: true, browserName: chrome, browserVersion: 120.0.6099.71, chrome: {chromedriverVersion: 120.0.6099.71 (9729082fe617..., userDataDir: /tmp/.org.chromium.Chromium...}, fedcm:accounts: true, goog:chromeOptions: {debuggerAddress: localhost:46311}, networkConnectionEnabled: false, pageLoadStrategy: normal, platformName: linux, proxy: Proxy(), se:cdp: ws://localhost:46311/devtoo..., se:cdpVersion: 120.0.6099.71, setWindowRect: true, strictFileInteractability: false, timeouts: {implicit: 0, pageLoad: 300000, script: 30000}, unhandledPromptBehavior: accept, webauthn:extension:credBlob: true, webauthn:extension:largeBlob: true, webauthn:extension:minPinLength: true, webauthn:extension:prf: true, webauthn:virtualAuthenticators: true}\nselenide.baseUrl: https://www.investing.com\nSession ID: ed4c4a35cf6f62c65c03d23091353054","statusTrace":"java.lang.IllegalStateException: Unable to open '/equities/tesla-motors' page, see the traces: \norg.openqa.selenium.TimeoutException: timeout: Timed out receiving message from renderer: 99.916\n  (Session info: chrome=120.0.6099.71)\nBuild info: version: '4.15.0', revision: '1d14b5521b'\nSystem info: os.name: 'Linux', os.arch: 'amd64', os.version: '6.2.0-1018-azure', java.version: '17.0.9'\nDriver info: org.openqa.selenium.chrome.ChromeDriver\nCommand: [ed4c4a35cf6f62c65c03d23091353054, get {url=https://www.investing.com/equities/tesla-motors}]\nselenide.url: https://www.investing.com/equities/tesla-motors\nCapabilities {acceptInsecureCerts: true, browserName: chrome, browserVersion: 120.0.6099.71, chrome: {chromedriverVersion: 120.0.6099.71 (9729082fe617..., userDataDir: /tmp/.org.chromium.Chromium...}, fedcm:accounts: true, goog:chromeOptions: {debuggerAddress: localhost:46311}, networkConnectionEnabled: false, pageLoadStrategy: normal, platformName: linux, proxy: Proxy(), se:cdp: ws://localhost:46311/devtoo..., se:cdpVersion: 120.0.6099.71, setWindowRect: true, strictFileInteractability: false, timeouts: {implicit: 0, pageLoad: 300000, script: 30000}, unhandledPromptBehavior: accept, webauthn:extension:credBlob: true, webauthn:extension:largeBlob: true, webauthn:extension:minPinLength: true, webauthn:extension:prf: true, webauthn:virtualAuthenticators: true}\nselenide.baseUrl: https://www.investing.com\nSession ID: ed4c4a35cf6f62c65c03d23091353054\n\tat tst.investing.PageObjects.CommonPage.navigateTo(CommonPage.java:13)\n\tat tst.investing.steps.CommonSteps.openPage(CommonSteps.java:12)\n\tat ✽.\"/equities/tesla-motors\" page(classpath:features/Equities.feature:5)\n","steps":[{"name":"Given  \"/equities/tesla-motors\" page","time":{"start":1702835443268,"stop":1702835543582,"duration":100314},"status":"broken","statusMessage":"Unable to open '/equities/tesla-motors' page, see the traces: \norg.openqa.selenium.TimeoutException: timeout: Timed out receiving message from renderer: 99.916\n  (Session info: chrome=120.0.6099.71)\nBuild info: version: '4.15.0', revision: '1d14b5521b'\nSystem info: os.name: 'Linux', os.arch: 'amd64', os.version: '6.2.0-1018-azure', java.version: '17.0.9'\nDriver info: org.openqa.selenium.chrome.ChromeDriver\nCommand: [ed4c4a35cf6f62c65c03d23091353054, get {url=https://www.investing.com/equities/tesla-motors}]\nselenide.url: https://www.investing.com/equities/tesla-motors\nCapabilities {acceptInsecureCerts: true, browserName: chrome, browserVersion: 120.0.6099.71, chrome: {chromedriverVersion: 120.0.6099.71 (9729082fe617..., userDataDir: /tmp/.org.chromium.Chromium...}, fedcm:accounts: true, goog:chromeOptions: {debuggerAddress: localhost:46311}, networkConnectionEnabled: false, pageLoadStrategy: normal, platformName: linux, proxy: Proxy(), se:cdp: ws://localhost:46311/devtoo..., se:cdpVersion: 120.0.6099.71, setWindowRect: true, strictFileInteractability: false, timeouts: {implicit: 0, pageLoad: 300000, script: 30000}, unhandledPromptBehavior: accept, webauthn:extension:credBlob: true, webauthn:extension:largeBlob: true, webauthn:extension:minPinLength: true, webauthn:extension:prf: true, webauthn:virtualAuthenticators: true}\nselenide.baseUrl: https://www.investing.com\nSession ID: ed4c4a35cf6f62c65c03d23091353054","statusTrace":"java.lang.IllegalStateException: Unable to open '/equities/tesla-motors' page, see the traces: \norg.openqa.selenium.TimeoutException: timeout: Timed out receiving message from renderer: 99.916\n  (Session info: chrome=120.0.6099.71)\nBuild info: version: '4.15.0', revision: '1d14b5521b'\nSystem info: os.name: 'Linux', os.arch: 'amd64', os.version: '6.2.0-1018-azure', java.version: '17.0.9'\nDriver info: org.openqa.selenium.chrome.ChromeDriver\nCommand: [ed4c4a35cf6f62c65c03d23091353054, get {url=https://www.investing.com/equities/tesla-motors}]\nselenide.url: https://www.investing.com/equities/tesla-motors\nCapabilities {acceptInsecureCerts: true, browserName: chrome, browserVersion: 120.0.6099.71, chrome: {chromedriverVersion: 120.0.6099.71 (9729082fe617..., userDataDir: /tmp/.org.chromium.Chromium...}, fedcm:accounts: true, goog:chromeOptions: {debuggerAddress: localhost:46311}, networkConnectionEnabled: false, pageLoadStrategy: normal, platformName: linux, proxy: Proxy(), se:cdp: ws://localhost:46311/devtoo..., se:cdpVersion: 120.0.6099.71, setWindowRect: true, strictFileInteractability: false, timeouts: {implicit: 0, pageLoad: 300000, script: 30000}, unhandledPromptBehavior: accept, webauthn:extension:credBlob: true, webauthn:extension:largeBlob: true, webauthn:extension:minPinLength: true, webauthn:extension:prf: true, webauthn:virtualAuthenticators: true}\nselenide.baseUrl: https://www.investing.com\nSession ID: ed4c4a35cf6f62c65c03d23091353054\n\tat tst.investing.PageObjects.CommonPage.navigateTo(CommonPage.java:13)\n\tat tst.investing.steps.CommonSteps.openPage(CommonSteps.java:12)\n\tat ✽.\"/equities/tesla-motors\" page(classpath:features/Equities.feature:5)\n","steps":[],"attachments":[],"parameters":[],"shouldDisplayMessage":true,"stepsCount":0,"attachmentsCount":0,"hasContent":true,"attachmentStep":false},{"name":"When  get the current Stock value from the page","time":{"start":1702835543583,"stop":1702835543583,"duration":0},"status":"skipped","steps":[],"attachments":[],"parameters":[],"shouldDisplayMessage":false,"stepsCount":0,"attachmentsCount":0,"hasContent":false,"attachmentStep":false},{"name":"And  get the 52 week range values","time":{"start":1702835543584,"stop":1702835543584,"duration":0},"status":"skipped","steps":[],"attachments":[],"parameters":[],"shouldDisplayMessage":false,"stepsCount":0,"attachmentsCount":0,"hasContent":false,"attachmentStep":false},{"name":"Then  verify that the current value is within the 52 week range values","time":{"start":1702835543584,"stop":1702835543584,"duration":0},"status":"skipped","steps":[],"attachments":[],"parameters":[],"shouldDisplayMessage":false,"stepsCount":0,"attachmentsCount":0,"hasContent":false,"attachmentStep":false}],"attachments":[],"parameters":[],"shouldDisplayMessage":false,"stepsCount":4,"attachmentsCount":0,"hasContent":true,"attachmentStep":false},"afterStages":[{"name":"tst.investing.hooks.Hooks.AfterScenario()","time":{"start":1702835543584,"stop":1702835543743,"duration":159},"status":"passed","steps":[],"attachments":[],"parameters":[],"shouldDisplayMessage":false,"stepsCount":0,"attachmentsCount":0,"hasContent":false,"attachmentStep":false}],"labels":[{"name":"tag","value":"Equity"},{"name":"host","value":"fv-az973-67"},{"name":"thread","value":"2297@fv-az973-67.Test worker(1)"},{"name":"feature","value":"Verify that the current stock value is within the 52 week range"},{"name":"story","value":"Compare the current value with the 52 week range on the \"/equities/tesla-motors\" page"},{"name":"suite","value":"Verify that the current stock value is within the 52 week range"},{"name":"testClass","value":"Compare the current value with the 52 week range on the \"/equities/tesla-motors\" page"},{"name":"framework","value":"cucumber4jvm"},{"name":"language","value":"java"},{"name":"gherkin_uri","value":"classpath:features/Equities.feature"},{"name":"package","value":"features.Equities_feature.Verify that the current stock value is within the 52 week range"},{"name":"resultFormat","value":"allure2"}],"parameters":[{"name":"page","value":"/equities/tesla-motors"}],"links":[],"hidden":false,"retry":false,"extra":{"severity":"normal","retries":[],"categories":[{"name":"Test defects","matchedStatuses":[],"flaky":false}],"history":{"statistic":{"failed":0,"broken":2,"skipped":1,"passed":3,"unknown":0,"total":6},"items":[{"uid":"ee37725daaee952f","reportUrl":"https://MRC81.github.io/QAtest_Cucumber/2//#testresult/ee37725daaee952f","status":"broken","statusDetails":"Unable to open '/equities/tesla-motors' page, see the traces: \norg.openqa.selenium.SessionNotCreatedException: Could not start a new session. Response code 500. Message: session not created: Chrome failed to start: exited normally.\n  (session not created: DevToolsActivePort file doesn't exist)\n  (The process started from chrome location /usr/bin/google-chrome is no longer running, so ChromeDriver is assuming that Chrome has crashed.) \nHost info: host: 'fv-az1269-175', ip: '10.1.0.59'\nBuild info: version: '4.15.0', revision: '1d14b5521b'\nSystem info: os.name: 'Linux', os.arch: 'amd64', os.version: '6.2.0-1018-azure', java.version: '17.0.9'\nDriver info: org.openqa.selenium.chrome.ChromeDriver\nCommand: [null, newSession {capabilities=[Capabilities {acceptInsecureCerts: true, browserName: chrome, goog:chromeOptions: {args: [--proxy-bypass-list=<-loopb..., --disable-dev-shm-usage, --window-size=1920,1200, --disable-gpu, --ignore-certificate-errors, --no-sandbox, --remote-allow-origins=*, --verbose], binary: /usr/bin/google-chrome, excludeSwitches: [enable-automation, load-extension], extensions: [], prefs: {credentials_enable_service: false, download.default_directory: /home/runner/work/QAtest_Cu..., plugins.always_open_pdf_externally: true, profile.default_content_setting_values.automatic_downloads: 1, safebrowsing.enabled: true}}, pageLoadStrategy: normal, platformName: any, unhandledPromptBehavior: accept}]}]\nselenide.url: https://www.investing.com/equities/tesla-motors\nselenide.baseUrl: https://www.investing.com","time":{"start":1702835559380,"stop":1702835559586,"duration":206}},{"uid":"88e9027b177bf518","reportUrl":"https://MRC81.github.io/QAtest_Cucumber/1//#testresult/88e9027b177bf518","status":"skipped","statusDetails":"[ERROR] Can't return capabilities for the specified inputs.BROWSER browser or/and localmode. make sure they are supported","time":{"start":1702832984885,"stop":1702832984889,"duration":4}},{"uid":"78eadd1f722aa088","reportUrl":"https://MRC81.github.io/QAtest_Cucumber/2//#testresult/78eadd1f722aa088","status":"passed","time":{"start":1702832667406,"stop":1702832674430,"duration":7024}},{"uid":"2d2068c4f9e505a7","reportUrl":"https://MRC81.github.io/QAtest_Cucumber/1//#testresult/2d2068c4f9e505a7","status":"passed","time":{"start":1702832466983,"stop":1702832475543,"duration":8560}},{"uid":"bd05d93ba2ea9068","reportUrl":"https://MRC81.github.io/QAtest_Cucumber/24//#testresult/bd05d93ba2ea9068","status":"passed","time":{"start":1701026120466,"stop":1701026124152,"duration":3686}}]},"tags":["Equity"]},"source":"ec7510a7adfd7723.json","parameterValues":["/equities/tesla-motors"]}