{"uid":"5221f0af37a82d1e","name":"Top Navigation bar Editions button is functional","fullName":"features/TopNavBar.feature:4","historyId":"fb882a0c3e7c2197b631c91ca93f9ac8","time":{"start":1702835559600,"stop":1702835559800,"duration":200},"status":"broken","statusMessage":"Unable to open '/' page, see the traces: \norg.openqa.selenium.SessionNotCreatedException: Could not start a new session. Response code 500. Message: session not created: Chrome failed to start: exited normally.\n  (session not created: DevToolsActivePort file doesn't exist)\n  (The process started from chrome location /usr/bin/google-chrome is no longer running, so ChromeDriver is assuming that Chrome has crashed.) \nHost info: host: 'fv-az1269-175', ip: '10.1.0.59'\nBuild info: version: '4.15.0', revision: '1d14b5521b'\nSystem info: os.name: 'Linux', os.arch: 'amd64', os.version: '6.2.0-1018-azure', java.version: '17.0.9'\nDriver info: org.openqa.selenium.chrome.ChromeDriver\nCommand: [null, newSession {capabilities=[Capabilities {acceptInsecureCerts: true, browserName: chrome, goog:chromeOptions: {args: [--proxy-bypass-list=<-loopb..., --disable-dev-shm-usage, --window-size=1920,1200, --disable-gpu, --ignore-certificate-errors, --no-sandbox, --remote-allow-origins=*, --verbose], binary: /usr/bin/google-chrome, excludeSwitches: [enable-automation, load-extension], extensions: [], prefs: {credentials_enable_service: false, download.default_directory: /home/runner/work/QAtest_Cu..., plugins.always_open_pdf_externally: true, profile.default_content_setting_values.automatic_downloads: 1, safebrowsing.enabled: true}}, pageLoadStrategy: normal, platformName: any, unhandledPromptBehavior: accept}]}]\nselenide.url: https://www.investing.com/\nselenide.baseUrl: https://www.investing.com","statusTrace":"java.lang.IllegalStateException: Unable to open '/' page, see the traces: \norg.openqa.selenium.SessionNotCreatedException: Could not start a new session. Response code 500. Message: session not created: Chrome failed to start: exited normally.\n  (session not created: DevToolsActivePort file doesn't exist)\n  (The process started from chrome location /usr/bin/google-chrome is no longer running, so ChromeDriver is assuming that Chrome has crashed.) \nHost info: host: 'fv-az1269-175', ip: '10.1.0.59'\nBuild info: version: '4.15.0', revision: '1d14b5521b'\nSystem info: os.name: 'Linux', os.arch: 'amd64', os.version: '6.2.0-1018-azure', java.version: '17.0.9'\nDriver info: org.openqa.selenium.chrome.ChromeDriver\nCommand: [null, newSession {capabilities=[Capabilities {acceptInsecureCerts: true, browserName: chrome, goog:chromeOptions: {args: [--proxy-bypass-list=<-loopb..., --disable-dev-shm-usage, --window-size=1920,1200, --disable-gpu, --ignore-certificate-errors, --no-sandbox, --remote-allow-origins=*, --verbose], binary: /usr/bin/google-chrome, excludeSwitches: [enable-automation, load-extension], extensions: [], prefs: {credentials_enable_service: false, download.default_directory: /home/runner/work/QAtest_Cu..., plugins.always_open_pdf_externally: true, profile.default_content_setting_values.automatic_downloads: 1, safebrowsing.enabled: true}}, pageLoadStrategy: normal, platformName: any, unhandledPromptBehavior: accept}]}]\nselenide.url: https://www.investing.com/\nselenide.baseUrl: https://www.investing.com\n\tat tst.investing.PageObjects.CommonPage.navigateTo(CommonPage.java:13)\n\tat tst.investing.steps.CommonSteps.openPage(CommonSteps.java:12)\n\tat ✽.\"/\" page(classpath:features/TopNavBar.feature:5)\n","flaky":false,"newFailed":false,"newBroken":true,"newPassed":false,"retriesCount":0,"retriesStatusChange":false,"beforeStages":[{"name":"tst.investing.hooks.Hooks.BeforeScenario()","time":{"start":1702835559600,"stop":1702835559600,"duration":0},"status":"passed","steps":[],"attachments":[],"parameters":[],"shouldDisplayMessage":false,"stepsCount":0,"attachmentsCount":0,"hasContent":false,"attachmentStep":false}],"testStage":{"status":"broken","statusMessage":"Unable to open '/' page, see the traces: \norg.openqa.selenium.SessionNotCreatedException: Could not start a new session. Response code 500. Message: session not created: Chrome failed to start: exited normally.\n  (session not created: DevToolsActivePort file doesn't exist)\n  (The process started from chrome location /usr/bin/google-chrome is no longer running, so ChromeDriver is assuming that Chrome has crashed.) \nHost info: host: 'fv-az1269-175', ip: '10.1.0.59'\nBuild info: version: '4.15.0', revision: '1d14b5521b'\nSystem info: os.name: 'Linux', os.arch: 'amd64', os.version: '6.2.0-1018-azure', java.version: '17.0.9'\nDriver info: org.openqa.selenium.chrome.ChromeDriver\nCommand: [null, newSession {capabilities=[Capabilities {acceptInsecureCerts: true, browserName: chrome, goog:chromeOptions: {args: [--proxy-bypass-list=<-loopb..., --disable-dev-shm-usage, --window-size=1920,1200, --disable-gpu, --ignore-certificate-errors, --no-sandbox, --remote-allow-origins=*, --verbose], binary: /usr/bin/google-chrome, excludeSwitches: [enable-automation, load-extension], extensions: [], prefs: {credentials_enable_service: false, download.default_directory: /home/runner/work/QAtest_Cu..., plugins.always_open_pdf_externally: true, profile.default_content_setting_values.automatic_downloads: 1, safebrowsing.enabled: true}}, pageLoadStrategy: normal, platformName: any, unhandledPromptBehavior: accept}]}]\nselenide.url: https://www.investing.com/\nselenide.baseUrl: https://www.investing.com","statusTrace":"java.lang.IllegalStateException: Unable to open '/' page, see the traces: \norg.openqa.selenium.SessionNotCreatedException: Could not start a new session. Response code 500. Message: session not created: Chrome failed to start: exited normally.\n  (session not created: DevToolsActivePort file doesn't exist)\n  (The process started from chrome location /usr/bin/google-chrome is no longer running, so ChromeDriver is assuming that Chrome has crashed.) \nHost info: host: 'fv-az1269-175', ip: '10.1.0.59'\nBuild info: version: '4.15.0', revision: '1d14b5521b'\nSystem info: os.name: 'Linux', os.arch: 'amd64', os.version: '6.2.0-1018-azure', java.version: '17.0.9'\nDriver info: org.openqa.selenium.chrome.ChromeDriver\nCommand: [null, newSession {capabilities=[Capabilities {acceptInsecureCerts: true, browserName: chrome, goog:chromeOptions: {args: [--proxy-bypass-list=<-loopb..., --disable-dev-shm-usage, --window-size=1920,1200, --disable-gpu, --ignore-certificate-errors, --no-sandbox, --remote-allow-origins=*, --verbose], binary: /usr/bin/google-chrome, excludeSwitches: [enable-automation, load-extension], extensions: [], prefs: {credentials_enable_service: false, download.default_directory: /home/runner/work/QAtest_Cu..., plugins.always_open_pdf_externally: true, profile.default_content_setting_values.automatic_downloads: 1, safebrowsing.enabled: true}}, pageLoadStrategy: normal, platformName: any, unhandledPromptBehavior: accept}]}]\nselenide.url: https://www.investing.com/\nselenide.baseUrl: https://www.investing.com\n\tat tst.investing.PageObjects.CommonPage.navigateTo(CommonPage.java:13)\n\tat tst.investing.steps.CommonSteps.openPage(CommonSteps.java:12)\n\tat ✽.\"/\" page(classpath:features/TopNavBar.feature:5)\n","steps":[{"name":"Given  \"/\" page","time":{"start":1702835559601,"stop":1702835559797,"duration":196},"status":"broken","statusMessage":"Unable to open '/' page, see the traces: \norg.openqa.selenium.SessionNotCreatedException: Could not start a new session. Response code 500. Message: session not created: Chrome failed to start: exited normally.\n  (session not created: DevToolsActivePort file doesn't exist)\n  (The process started from chrome location /usr/bin/google-chrome is no longer running, so ChromeDriver is assuming that Chrome has crashed.) \nHost info: host: 'fv-az1269-175', ip: '10.1.0.59'\nBuild info: version: '4.15.0', revision: '1d14b5521b'\nSystem info: os.name: 'Linux', os.arch: 'amd64', os.version: '6.2.0-1018-azure', java.version: '17.0.9'\nDriver info: org.openqa.selenium.chrome.ChromeDriver\nCommand: [null, newSession {capabilities=[Capabilities {acceptInsecureCerts: true, browserName: chrome, goog:chromeOptions: {args: [--proxy-bypass-list=<-loopb..., --disable-dev-shm-usage, --window-size=1920,1200, --disable-gpu, --ignore-certificate-errors, --no-sandbox, --remote-allow-origins=*, --verbose], binary: /usr/bin/google-chrome, excludeSwitches: [enable-automation, load-extension], extensions: [], prefs: {credentials_enable_service: false, download.default_directory: /home/runner/work/QAtest_Cu..., plugins.always_open_pdf_externally: true, profile.default_content_setting_values.automatic_downloads: 1, safebrowsing.enabled: true}}, pageLoadStrategy: normal, platformName: any, unhandledPromptBehavior: accept}]}]\nselenide.url: https://www.investing.com/\nselenide.baseUrl: https://www.investing.com","statusTrace":"java.lang.IllegalStateException: Unable to open '/' page, see the traces: \norg.openqa.selenium.SessionNotCreatedException: Could not start a new session. Response code 500. Message: session not created: Chrome failed to start: exited normally.\n  (session not created: DevToolsActivePort file doesn't exist)\n  (The process started from chrome location /usr/bin/google-chrome is no longer running, so ChromeDriver is assuming that Chrome has crashed.) \nHost info: host: 'fv-az1269-175', ip: '10.1.0.59'\nBuild info: version: '4.15.0', revision: '1d14b5521b'\nSystem info: os.name: 'Linux', os.arch: 'amd64', os.version: '6.2.0-1018-azure', java.version: '17.0.9'\nDriver info: org.openqa.selenium.chrome.ChromeDriver\nCommand: [null, newSession {capabilities=[Capabilities {acceptInsecureCerts: true, browserName: chrome, goog:chromeOptions: {args: [--proxy-bypass-list=<-loopb..., --disable-dev-shm-usage, --window-size=1920,1200, --disable-gpu, --ignore-certificate-errors, --no-sandbox, --remote-allow-origins=*, --verbose], binary: /usr/bin/google-chrome, excludeSwitches: [enable-automation, load-extension], extensions: [], prefs: {credentials_enable_service: false, download.default_directory: /home/runner/work/QAtest_Cu..., plugins.always_open_pdf_externally: true, profile.default_content_setting_values.automatic_downloads: 1, safebrowsing.enabled: true}}, pageLoadStrategy: normal, platformName: any, unhandledPromptBehavior: accept}]}]\nselenide.url: https://www.investing.com/\nselenide.baseUrl: https://www.investing.com\n\tat tst.investing.PageObjects.CommonPage.navigateTo(CommonPage.java:13)\n\tat tst.investing.steps.CommonSteps.openPage(CommonSteps.java:12)\n\tat ✽.\"/\" page(classpath:features/TopNavBar.feature:5)\n","steps":[],"attachments":[],"parameters":[],"shouldDisplayMessage":true,"stepsCount":0,"attachmentsCount":0,"hasContent":true,"attachmentStep":false},{"name":"When  user hovers over Edition button on the Top Navigation bar","time":{"start":1702835559797,"stop":1702835559797,"duration":0},"status":"skipped","steps":[],"attachments":[],"parameters":[],"shouldDisplayMessage":false,"stepsCount":0,"attachmentsCount":0,"hasContent":false,"attachmentStep":false},{"name":"Then  the Edition popup is displayed","time":{"start":1702835559798,"stop":1702835559798,"duration":0},"status":"skipped","steps":[],"attachments":[],"parameters":[],"shouldDisplayMessage":false,"stepsCount":0,"attachmentsCount":0,"hasContent":false,"attachmentStep":false},{"name":"And  the Edition popup contains the following values:","time":{"start":1702835559798,"stop":1702835559800,"duration":2},"status":"skipped","steps":[],"attachments":[{"uid":"9352fe512fb6e085","name":"Data table","source":"9352fe512fb6e085.csv","type":"text/tab-separated-values","size":453}],"parameters":[],"shouldDisplayMessage":false,"stepsCount":0,"attachmentsCount":1,"hasContent":true,"attachmentStep":false}],"attachments":[],"parameters":[],"shouldDisplayMessage":false,"stepsCount":4,"attachmentsCount":1,"hasContent":true,"attachmentStep":false},"afterStages":[{"name":"tst.investing.hooks.Hooks.AfterScenario()","time":{"start":1702835559800,"stop":1702835559800,"duration":0},"status":"passed","steps":[],"attachments":[],"parameters":[],"shouldDisplayMessage":false,"stepsCount":0,"attachmentsCount":0,"hasContent":false,"attachmentStep":false}],"labels":[{"name":"tag","value":"TopNavBar"},{"name":"host","value":"fv-az1269-175"},{"name":"thread","value":"2788@fv-az1269-175.Test worker(1)"},{"name":"feature","value":"Verify Top Navigation bar"},{"name":"story","value":"Top Navigation bar Editions button is functional"},{"name":"suite","value":"Verify Top Navigation bar"},{"name":"testClass","value":"Top Navigation bar Editions button is functional"},{"name":"framework","value":"cucumber4jvm"},{"name":"language","value":"java"},{"name":"gherkin_uri","value":"classpath:features/TopNavBar.feature"},{"name":"package","value":"features.TopNavBar_feature.Verify Top Navigation bar"},{"name":"resultFormat","value":"allure2"}],"parameters":[],"links":[],"hidden":false,"retry":false,"extra":{"severity":"normal","retries":[],"categories":[{"name":"Test defects","matchedStatuses":[],"flaky":false}],"history":{"statistic":{"failed":3,"broken":1,"skipped":1,"passed":0,"unknown":0,"total":5},"items":[{"uid":"58414f50d2bb7c02","reportUrl":"https://MRC81.github.io/QAtest_Cucumber/1//#testresult/58414f50d2bb7c02","status":"skipped","statusDetails":"[ERROR] Can't return capabilities for the specified inputs.BROWSER browser or/and localmode. make sure they are supported","time":{"start":1702832984913,"stop":1702832984919,"duration":6}},{"uid":"d8b9238287f17c34","reportUrl":"https://MRC81.github.io/QAtest_Cucumber/2//#testresult/d8b9238287f17c34","status":"failed","statusDetails":"Element should be visible (because The Edition popup is not displayed) {[class*='EditionSelector_editions__popup']}\nElement: '<div class=\"popup_popup__t_FyN popup_popup--top__u_sUB popup_primary__Lb1mP popup_regular__YzEzn EditionSelector_editions__popup__KE60R popup_popup--hidden__0VdoL\" data-tail=\"top\" displayed:false></div>'\nActual value: hidden\nScreenshot: file:/home/runner/work/QAtest_Cucumber/QAtest_Cucumber/reports/1702832685262.0.png\nTimeout: 3 s.","time":{"start":1702832674446,"stop":1702832685825,"duration":11379}},{"uid":"795160178dcd67b9","reportUrl":"https://MRC81.github.io/QAtest_Cucumber/1//#testresult/795160178dcd67b9","status":"failed","statusDetails":"Element should be visible (because The Edition popup is not displayed) {[class*='EditionSelector_editions__popup']}\nElement: '<div class=\"popup_popup__t_FyN popup_popup--top__u_sUB popup_primary__Lb1mP popup_regular__YzEzn EditionSelector_editions__popup__KE60R popup_popup--hidden__0VdoL\" data-tail=\"top\" displayed:false></div>'\nActual value: hidden\nScreenshot: file:/home/runner/work/QAtest_Cucumber/QAtest_Cucumber/reports/1702832523452.0.png\nTimeout: 3 s.","time":{"start":1702832475556,"stop":1702832524147,"duration":48591}},{"uid":"10e7e55728f6fb00","reportUrl":"https://MRC81.github.io/QAtest_Cucumber/24//#testresult/10e7e55728f6fb00","status":"failed","statusDetails":"Element should be visible (because The Edition popup is not displayed) {[class*='EditionSelector_editions__popup']}\nElement: '<div class=\"popup_popup__t_FyN popup_popup--top__u_sUB popup_primary__Lb1mP popup_regular__YzEzn EditionSelector_editions__popup__KE60R popup_popup--hidden__0VdoL\" data-tail=\"top\" displayed:false></div>'\nActual value: hidden\nScreenshot: file:/home/runner/work/QAtest_Cucumber/QAtest_Cucumber/reports/1701026131981.0.png\nTimeout: 3 s.","time":{"start":1701026124163,"stop":1701026132291,"duration":8128}}]},"tags":["TopNavBar"]},"source":"5221f0af37a82d1e.json","parameterValues":[]}